2025/12/16 07:26:50 ✓ Database connection pool configured: 25 max conns, 5 min conns
2025/12/16 07:26:50 Migrations completed successfully
2025/12/16 07:26:50 Running database migrations...
2025/12/16 07:26:50 Starting database migrations...
2025/12/16 07:26:50   ⊘ Skipping: 000_complete_reset.sql (reset script)
2025/12/16 07:26:50   ⊘ Skipping: 000_reset.sql (reset script)
2025/12/16 07:26:50   ✓ Already applied: 001_create_users.sql
2025/12/16 07:26:50   ✓ Already applied: 002_add_auth_to_users.sql
2025/12/16 07:26:50   ✓ Already applied: 003_seed_admin_user.sql
2025/12/16 07:26:50   ✓ Already applied: 004_add_role_to_users.sql
2025/12/16 07:26:50   ✓ Already applied: 005_add_phone_village_to_users.sql
2025/12/16 07:26:50   ✓ Already applied: 006_create_entries.sql
2025/12/16 07:26:50   ✓ Already applied: 007_create_entry_events.sql
2025/12/16 07:26:50   ✓ Already applied: 008_create_room_entries.sql
2025/12/16 07:26:50   ✓ Already applied: 009_create_system_settings.sql
2025/12/16 07:26:50   ✓ Already applied: 010_create_gate_passes.sql
2025/12/16 07:26:50   ✓ Already applied: 011_add_accountant_access_to_users.sql
2025/12/16 07:26:50   ✓ Already applied: 012_create_invoices.sql
2025/12/16 07:26:50   ✓ Already applied: 013_add_receipt_number_to_rent_payments.sql
2025/12/16 07:26:50   ✓ Already applied: 014_add_so_to_entries.sql
2025/12/16 07:26:50   ✓ Already applied: 015_set_so_default.sql
2025/12/16 07:26:50   ✓ Already applied: 016_add_is_active_to_users.sql
2025/12/16 07:26:50   ✓ Already applied: 017_add_customer_portal_support.sql
2025/12/16 07:26:50   ✓ Already applied: 018_create_customer_otps.sql
2025/12/16 07:26:50   ✓ Already applied: 019_add_rejected_status.sql
2025/12/16 07:26:50   ✓ Already applied: 020_create_employees.sql
2025/12/16 07:26:50   ✓ Already applied: 021_create_customers.sql
2025/12/16 07:26:50   ✓ Already applied: 022_create_rent_payments.sql
2025/12/16 07:26:50   ✓ Already applied: 023_add_entry_number_sequences.sql
2025/12/16 07:26:50   ✓ Already applied: 024_add_missing_foreign_key_indexes.sql
2025/12/16 07:26:50   ✓ Already applied: 025_implement_soft_deletes.sql
2025/12/16 07:26:50   ✓ Already applied: 026_add_sequences_for_numbering.sql
2025/12/16 07:26:50   ✓ Already applied: 027_add_check_constraints.sql
2025/12/16 07:26:50   ✓ Already applied: 028_add_so_to_customers.sql
2025/12/16 07:26:50   ⊘ Skipping: reset_data.sql (reset script)
2025/12/16 07:26:50 ✓ All migrations already applied - database is up to date
2025/12/16 07:26:50 Monitoring dashboard running on :9090
2025/12/16 07:26:50 listen tcp :9090: bind: address already in use
